

================================================================
== Synthesis Summary Report of 'trig_approx'
================================================================
+ General Information: 
    * Date:           Sun Feb  9 02:55:05 2025
    * Version:        2024.2 (Build 5238294 on Nov  8 2024)
    * Project:        trig_approx
    * Solution:       hls (Vivado IP Flow Target)
    * Product family: artix7
    * Target device:  xc7a35t-cpg236-1
    

+ Performance & Resource Estimates: 
    
    PS: '+' for module; 'o' for loop; '*' for dataflow
    +----------------------------------------+------+------+---------+-----------+----------+---------+------+----------+--------+------------+------------+------------+-----+
    |                 Modules                | Issue|      | Latency |  Latency  | Iteration|         | Trip |          |        |            |            |            |     |
    |                 & Loops                | Type | Slack| (cycles)|    (ns)   |  Latency | Interval| Count| Pipelined|  BRAM  |     DSP    |     FF     |     LUT    | URAM|
    +----------------------------------------+------+------+---------+-----------+----------+---------+------+----------+--------+------------+------------+------------+-----+
    |+ trig_approx                           |     -|  0.31|      117|  1.170e+03|         -|      118|     -|        no|  8 (8%)|  111 (123%)|  7701 (18%)|  9181 (44%)|    -|
    | + generic_sincos_double_s              |     -|  0.31|       56|    560.000|         -|       56|     -|        no|  8 (8%)|  111 (123%)|  7205 (17%)|  8581 (41%)|    -|
    |  + scaled_fixed2ieee_63_1_s            |     -|  0.63|       30|    300.000|         -|       30|     -|        no|       -|           -|    766 (1%)|   1293 (6%)|    -|
    |   + scaled_fixed2ieee_63_1_Pipeline_1  |     -|  3.20|        5|     50.000|         -|        5|     -|        no|       -|           -|   100 (~0%)|   174 (~0%)|    -|
    |    o Loop 1                            |     -|  8.00|        3|     30.000|         1|        1|     4|       yes|       -|           -|           -|           -|    -|
    |   + scaled_fixed2ieee_63_1_Pipeline_2  |     -|  0.63|        5|     50.000|         -|        5|     -|        no|       -|           -|   100 (~0%)|   107 (~0%)|    -|
    |    o Loop 1                            |     -|  8.00|        3|     30.000|         1|        1|     3|       yes|       -|           -|           -|           -|    -|
    |   + scaled_fixed2ieee_63_1_Pipeline_3  |     -|  2.59|        6|     60.000|         -|        6|     -|        no|       -|           -|   133 (~0%)|   113 (~0%)|    -|
    |    o Loop 1                            |     -|  8.00|        4|     40.000|         1|        1|     4|       yes|       -|           -|           -|           -|    -|
    |   + scaled_fixed2ieee_63_1_Pipeline_4  |     -|  1.05|        6|     60.000|         -|        6|     -|        no|       -|           -|   168 (~0%)|    656 (3%)|    -|
    |    o Loop 1                            |     -|  8.00|        4|     40.000|         2|        1|     4|       yes|       -|           -|           -|           -|    -|
    |  + scaled_fixed2ieee_63_1_s            |     -|  0.63|       30|    300.000|         -|       30|     -|        no|       -|           -|    766 (1%)|   1293 (6%)|    -|
    |   + scaled_fixed2ieee_63_1_Pipeline_1  |     -|  3.20|        5|     50.000|         -|        5|     -|        no|       -|           -|   100 (~0%)|   174 (~0%)|    -|
    |    o Loop 1                            |     -|  8.00|        3|     30.000|         1|        1|     4|       yes|       -|           -|           -|           -|    -|
    |   + scaled_fixed2ieee_63_1_Pipeline_2  |     -|  0.63|        5|     50.000|         -|        5|     -|        no|       -|           -|   100 (~0%)|   107 (~0%)|    -|
    |    o Loop 1                            |     -|  8.00|        3|     30.000|         1|        1|     3|       yes|       -|           -|           -|           -|    -|
    |   + scaled_fixed2ieee_63_1_Pipeline_3  |     -|  2.59|        6|     60.000|         -|        6|     -|        no|       -|           -|   133 (~0%)|   113 (~0%)|    -|
    |    o Loop 1                            |     -|  8.00|        4|     40.000|         1|        1|     4|       yes|       -|           -|           -|           -|    -|
    |   + scaled_fixed2ieee_63_1_Pipeline_4  |     -|  1.05|        6|     60.000|         -|        6|     -|        no|       -|           -|   168 (~0%)|    656 (3%)|    -|
    |    o Loop 1                            |     -|  8.00|        4|     40.000|         2|        1|     4|       yes|       -|           -|           -|           -|    -|
    +----------------------------------------+------+------+---------+-----------+----------+---------+------+----------+--------+------------+------------+------------+-----+


================================================================
== HW Interfaces
================================================================
* S_AXILITE Interfaces
+------------+------------+---------------+--------+----------+
| Interface  | Data Width | Address Width | Offset | Register |
+------------+------------+---------------+--------+----------+
| s_axi_CTRL | 32         | 6             | 16     | 0        |
+------------+------------+---------------+--------+----------+

* S_AXILITE Registers
+------------+--------------+--------+-------+--------+----------------------------------+----------------------------------------------------------------------+
| Interface  | Register     | Offset | Width | Access | Description                      | Bit Fields                                                           |
+------------+--------------+--------+-------+--------+----------------------------------+----------------------------------------------------------------------+
| s_axi_CTRL | CTRL         | 0x00   | 32    | RW     | Control signals                  | 0=AP_START 1=AP_DONE 2=AP_IDLE 3=AP_READY 7=AUTO_RESTART 9=INTERRUPT |
| s_axi_CTRL | GIER         | 0x04   | 32    | RW     | Global Interrupt Enable Register | 0=Enable                                                             |
| s_axi_CTRL | IP_IER       | 0x08   | 32    | RW     | IP Interrupt Enable Register     | 0=CHAN0_INT_EN 1=CHAN1_INT_EN                                        |
| s_axi_CTRL | IP_ISR       | 0x0c   | 32    | RW     | IP Interrupt Status Register     | 0=CHAN0_INT_ST 1=CHAN1_INT_ST                                        |
| s_axi_CTRL | angle_1      | 0x10   | 32    | W      | Data signal of angle             |                                                                      |
| s_axi_CTRL | angle_2      | 0x14   | 32    | W      | Data signal of angle             |                                                                      |
| s_axi_CTRL | tan_out_1    | 0x1c   | 32    | R      | Data signal of tan_out           |                                                                      |
| s_axi_CTRL | tan_out_2    | 0x20   | 32    | R      | Data signal of tan_out           |                                                                      |
| s_axi_CTRL | tan_out_ctrl | 0x24   | 32    | R      | Control signal of tan_out        | 0=tan_out_ap_vld                                                     |
+------------+--------------+--------+-------+--------+----------------------------------+----------------------------------------------------------------------+

* TOP LEVEL CONTROL
+-----------+------------+-----------+
| Interface | Type       | Ports     |
+-----------+------------+-----------+
| ap_clk    | clock      | ap_clk    |
| ap_rst_n  | reset      | ap_rst_n  |
| interrupt | interrupt  | interrupt |
| ap_ctrl   | ap_ctrl_hs |           |
+-----------+------------+-----------+


================================================================
== SW I/O Information
================================================================
* Top Function Arguments
+----------+-----------+----------+
| Argument | Direction | Datatype |
+----------+-----------+----------+
| angle    | in        | double   |
| tan_out  | out       | double*  |
+----------+-----------+----------+

* SW-to-HW Mapping
+----------+--------------+----------+----------------------------------------+
| Argument | HW Interface | HW Type  | HW Info                                |
+----------+--------------+----------+----------------------------------------+
| angle    | s_axi_CTRL   | register | name=angle_1 offset=0x10 range=32      |
| angle    | s_axi_CTRL   | register | name=angle_2 offset=0x14 range=32      |
| tan_out  | s_axi_CTRL   | register | name=tan_out_1 offset=0x1c range=32    |
| tan_out  | s_axi_CTRL   | register | name=tan_out_2 offset=0x20 range=32    |
| tan_out  | s_axi_CTRL   | register | name=tan_out_ctrl offset=0x24 range=32 |
+----------+--------------+----------+----------------------------------------+


================================================================
== M_AXI Burst Information
================================================================
 Note: All burst requests might be further partitioned into multiple requests during RTL generation based on max_read_burst_length or max_write_burst_length settings.


================================================================
== Bind Op Report
================================================================
+---------------------------------------------------------------------------------------+-----+--------+--------------------------+------------+--------------------------+---------+
| Name                                                                                  | DSP | Pragma | Variable                 | Op         | Impl                     | Latency |
+---------------------------------------------------------------------------------------+-----+--------+--------------------------+------------+--------------------------+---------+
| + trig_approx                                                                         | 111 |        |                          |            |                          |         |
|   icmp_ln150_fu_134_p2                                                                |     |        | icmp_ln150               | seteq      | auto                     | 0       |
|   ddiv_64ns_64ns_64_59_no_dsp_1_U78                                                   |     |        | div_i_i                  | ddiv       | fabric                   | 58      |
|  + generic_sincos_double_s                                                            | 111 |        |                          |            |                          |         |
|    closepath_fu_476_p2                                                                |     |        | closepath                | setlt      | auto                     | 0       |
|    add_ln454_fu_599_p2                                                                |     |        | add_ln454                | add        | fabric                   | 0       |
|    Ex_fu_604_p3                                                                       |     |        | Ex                       | select     | auto_sel                 | 0       |
|    add_ln396_fu_482_p2                                                                |     |        | add_ln396                | add        | fabric                   | 0       |
|    addr_fu_488_p3                                                                     |     |        | addr                     | select     | auto_sel                 | 0       |
|    shl_ln398_fu_518_p2                                                                |     |        | shl_ln398                | shl        | auto_pipe                | 0       |
|    mul_170s_53ns_170_5_1_U46                                                          | 27  |        | h                        | mul        | auto                     | 4       |
|    k_fu_569_p3                                                                        |     |        | k                        | select     | auto_sel                 | 0       |
|    Mx_bits_1_fu_579_p2                                                                |     |        | Mx_bits_1                | sub        | fabric                   | 0       |
|    Mx_bits_3_fu_584_p3                                                                |     |        | Mx_bits_3                | select     | auto_sel                 | 0       |
|    ctlz_62_62_1_1_U47                                                                 |     |        | Mx_zeros                 | ctlz       | auto                     | 0       |
|    shl_ln504_fu_634_p2                                                                |     |        | shl_ln504                | shl        | auto_pipe                | 0       |
|    Ex_1_fu_649_p2                                                                     |     |        | Ex_1                     | sub        | fabric                   | 0       |
|    sub_ln506_fu_663_p2                                                                |     |        | sub_ln506                | sub        | fabric                   | 0       |
|    select_ln506_fu_679_p3                                                             |     |        | select_ln506             | select     | auto_sel                 | 0       |
|    lshr_ln506_fu_688_p2                                                               |     |        | lshr_ln506               | lshr       | auto_pipe                | 0       |
|    shl_ln506_fu_693_p2                                                                |     |        | shl_ln506                | shl        | auto_pipe                | 0       |
|    x_1_fu_698_p3                                                                      |     |        | x_1                      | select     | auto_sel                 | 0       |
|    mul_49ns_49ns_98_3_1_U41                                                           | 9   |        | mul_ln81                 | mul        | auto                     | 2       |
|    mul_49ns_49ns_98_3_1_U41                                                           | 9   |        | mul_ln82                 | mul        | auto                     | 2       |
|    mul_49ns_49ns_98_3_1_U42                                                           | 9   |        | mul_ln83                 | mul        | auto                     | 2       |
|    mul_56ns_53s_109_3_1_U44                                                           | 9   |        | mul_ln86                 | mul        | auto                     | 2       |
|    mul_49ns_44ns_93_3_1_U40                                                           | 9   |        | mul_ln87                 | mul        | auto                     | 2       |
|    mul_42ns_35s_77_2_1_U38                                                            | 4   |        | mul_ln88                 | mul        | auto                     | 1       |
|    mul_35ns_27s_62_2_1_U36                                                            | 4   |        | mul_ln89                 | mul        | auto                     | 1       |
|    shl_i_i_i773_i_neg_fu_855_p2                                                       |     |        | shl_i_i_i773_i_neg       | sub        | fabric                   | 0       |
|    xor_ln90_fu_934_p2                                                                 |     |        | xor_ln90                 | xor        | auto                     | 0       |
|    mul_56ns_51s_107_3_1_U43                                                           | 9   |        | mul_ln93                 | mul        | auto                     | 2       |
|    mul_49ns_43s_92_3_1_U39                                                            | 9   |        | mul_ln94                 | mul        | auto                     | 2       |
|    mul_42ns_33s_75_2_1_U37                                                            | 4   |        | mul_ln95                 | mul        | auto                     | 1       |
|    mul_35ns_23ns_58_2_1_U35                                                           | 2   |        | mul_ln96                 | mul        | auto                     | 1       |
|    mul_62ns_63ns_125_5_1_U45                                                          | 16  |        | mul_ln97                 | mul        | auto                     | 4       |
|    sub_ln163_fu_1059_p2                                                               |     |        | sub_ln163                | sub        | fabric                   | 0       |
|    sparsemux_33_4_1_1_1_U48                                                           |     |        | tmp_9                    | sparsemux  | compactencoding_dontcare | 0       |
|    sin_results_sign_1_fu_1193_p2                                                      |     |        | sin_results_sign_1       | or         | auto                     | 0       |
|    sparsemux_33_4_1_1_1_U49                                                           |     |        | tmp_1                    | sparsemux  | compactencoding_dontcare | 0       |
|    cos_results_sign_1_fu_1271_p2                                                      |     |        | cos_results_sign_1       | or         | auto                     | 0       |
|    icmp_ln179_fu_669_p2                                                               |     |        | icmp_ln179               | seteq      | auto                     | 0       |
|    icmp_ln179_1_fu_544_p2                                                             |     |        | icmp_ln179_1             | seteq      | auto                     | 0       |
|    and_ln179_fu_1277_p2                                                               |     |        | and_ln179                | and        | auto                     | 0       |
|    icmp_ln186_fu_674_p2                                                               |     |        | icmp_ln186               | seteq      | auto                     | 0       |
|    xor_ln186_fu_1281_p2                                                               |     |        | xor_ln186                | xor        | auto                     | 0       |
|    sin_results_sign_3_fu_1286_p2                                                      |     |        | sin_results_sign_3       | and        | auto                     | 0       |
|    cos_results_sign_3_fu_1292_p2                                                      |     |        | cos_results_sign_3       | and        | auto                     | 0       |
|    sin_results_sign_2_fu_1298_p3                                                      |     |        | sin_results_sign_2       | select     | auto_sel                 | 0       |
|    not_and_ln17916_demorgan_fu_1305_p2                                                |     |        | not_and_ln17916_demorgan | and        | auto                     | 0       |
|    not_and_ln17916_fu_1309_p2                                                         |     |        | not_and_ln17916          | xor        | auto                     | 0       |
|    sin_results_exp_2_cast_fu_1315_p3                                                  |     |        | sin_results_exp_2_cast   | select     | auto_sel                 | 0       |
|    empty_fu_1323_p2                                                                   |     |        | empty                    | or         | auto                     | 0       |
|    sin_results_exp_1_fu_1328_p3                                                       |     |        | sin_results_exp_1        | select     | auto_sel                 | 0       |
|    sin_results_sig_2_cast_fu_1336_p3                                                  |     |        | sin_results_sig_2_cast   | select     | auto_sel                 | 0       |
|    sin_results_sig_1_fu_1344_p3                                                       |     |        | sin_results_sig_1        | select     | auto_sel                 | 0       |
|    cos_results_sign_2_fu_1352_p2                                                      |     |        | cos_results_sign_2       | and        | auto                     | 0       |
|    cos_results_exp_2_fu_1358_p3                                                       |     |        | cos_results_exp_2        | select     | auto_sel                 | 0       |
|    cos_results_exp_1_fu_1366_p3                                                       |     |        | cos_results_exp_1        | select     | auto_sel                 | 0       |
|    cos_results_sig_1_fu_1374_p3                                                       |     |        | cos_results_sig_1        | select     | auto_sel                 | 0       |
|    sparsemux_17_3_1_1_1_U50                                                           |     |        | tmp_2                    | sparsemux  | compactencoding_dontcare | 0       |
|    s_out_1_fu_1449_p3                                                                 |     |        | s_out_1                  | select     | auto_sel                 | 0       |
|    c_out_1_fu_1457_p3                                                                 |     |        | c_out_1                  | select     | auto_sel                 | 0       |
|   + scaled_fixed2ieee_63_1_s (grp_scaled_fixed2ieee_63_1_s_fu_391)                    | 0   |        |                          |            |                          |         |
|     sub_ln432_fu_207_p2                                                               |     |        | sub_ln432                | sub        | fabric                   | 0       |
|     newexp_fu_217_p2                                                                  |     |        | newexp                   | sub        | fabric                   | 0       |
|     icmp_ln433_fu_196_p2                                                              |     |        | icmp_ln433               | seteq      | auto                     | 0       |
|     or_ln433_fu_231_p2                                                                |     |        | or_ln433                 | or         | auto                     | 0       |
|     significand_fu_250_p3                                                             |     |        | significand              | select     | auto_sel                 | 0       |
|     out_exp_fu_258_p3                                                                 |     |        | out_exp                  | select     | auto_sel                 | 0       |
|    + scaled_fixed2ieee_63_1_Pipeline_1 (grp_scaled_fixed2ieee_63_1_Pipeline_1_fu_102) | 0   |        |                          |            |                          |         |
|      add_ln400_fu_84_p2                                                               |     |        | add_ln400                | add        | fabric                   | 0       |
|      sel_tmp_fu_90_p2                                                                 |     |        | sel_tmp                  | seteq      | auto                     | 0       |
|      out_bits_5_out                                                                   |     |        | out_bits_5               | select     | auto_sel                 | 0       |
|      sel_tmp2_fu_105_p2                                                               |     |        | sel_tmp2                 | seteq      | auto                     | 0       |
|      out_bits_4_out                                                                   |     |        | out_bits_4               | select     | auto_sel                 | 0       |
|      sel_tmp4_fu_120_p2                                                               |     |        | sel_tmp4                 | seteq      | auto                     | 0       |
|      out_bits_3_out                                                                   |     |        | out_bits_3               | select     | auto_sel                 | 0       |
|      icmp_ln400_fu_135_p2                                                             |     |        | icmp_ln400               | seteq      | auto                     | 0       |
|    + scaled_fixed2ieee_63_1_Pipeline_2 (grp_scaled_fixed2ieee_63_1_Pipeline_2_fu_109) | 0   |        |                          |            |                          |         |
|      icmp_ln401_fu_136_p2                                                             |     |        | icmp_ln401               | seteq      | auto                     | 0       |
|      add_ln401_fu_142_p2                                                              |     |        | add_ln401                | add        | fabric                   | 0       |
|      sub_ln403_fu_156_p2                                                              |     |        | sub_ln403                | sub        | fabric                   | 0       |
|      partselect_16ns_63ns_32ns_16_1_1_U4                                              |     |        | tmp_3                    | partselect | auto                     | 0       |
|    + scaled_fixed2ieee_63_1_Pipeline_3 (grp_scaled_fixed2ieee_63_1_Pipeline_3_fu_121) | 0   |        |                          |            |                          |         |
|      icmp_ln414_fu_136_p2                                                             |     |        | icmp_ln414               | seteq      | auto                     | 0       |
|      add_ln414_fu_142_p2                                                              |     |        | add_ln414                | add        | fabric                   | 0       |
|      sparsemux_9_2_32_1_1_U13                                                         |     |        | x                        | sparsemux  | compactencoding_dontcare | 0       |
|      ctlz_32_32_1_1_U14                                                               |     |        | c_4                      | ctlz       | auto                     | 0       |
|    + scaled_fixed2ieee_63_1_Pipeline_4 (grp_scaled_fixed2ieee_63_1_Pipeline_4_fu_133) | 0   |        |                          |            |                          |         |
|      sparsemux_9_2_32_1_1_U25                                                         |     |        | tmp_8                    | sparsemux  | compactencoding_dontcare | 0       |
|      shift_3_fu_165_p2                                                                |     |        | shift_3                  | add        | fabric                   | 0       |
|      sub_ln423_fu_179_p2                                                              |     |        | sub_ln423                | sub        | fabric                   | 0       |
|      select_ln423_fu_185_p3                                                           |     |        | select_ln423             | select     | auto_sel                 | 0       |
|      ashr_ln423_fu_239_p2                                                             |     |        | ashr_ln423               | ashr       | auto_pipe                | 0       |
|      shl_ln423_fu_245_p2                                                              |     |        | shl_ln423                | shl        | auto_pipe                | 0       |
|      in_shift_2_fu_251_p3                                                             |     |        | in_shift_2               | select     | auto_sel                 | 0       |
|      icmp_ln424_fu_193_p2                                                             |     |        | icmp_ln424               | setne      | auto                     | 0       |
|      add_ln421_fu_199_p2                                                              |     |        | add_ln421                | add        | fabric                   | 0       |
|      or_ln424_fu_217_p2                                                               |     |        | or_ln424                 | or         | auto                     | 0       |
|   + scaled_fixed2ieee_63_1_s (grp_scaled_fixed2ieee_63_1_s_fu_398)                    | 0   |        |                          |            |                          |         |
|     sub_ln432_fu_207_p2                                                               |     |        | sub_ln432                | sub        | fabric                   | 0       |
|     newexp_fu_217_p2                                                                  |     |        | newexp                   | sub        | fabric                   | 0       |
|     icmp_ln433_fu_196_p2                                                              |     |        | icmp_ln433               | seteq      | auto                     | 0       |
|     or_ln433_fu_231_p2                                                                |     |        | or_ln433                 | or         | auto                     | 0       |
|     significand_fu_250_p3                                                             |     |        | significand              | select     | auto_sel                 | 0       |
|     out_exp_fu_258_p3                                                                 |     |        | out_exp                  | select     | auto_sel                 | 0       |
|    + scaled_fixed2ieee_63_1_Pipeline_1 (grp_scaled_fixed2ieee_63_1_Pipeline_1_fu_102) | 0   |        |                          |            |                          |         |
|      add_ln400_fu_84_p2                                                               |     |        | add_ln400                | add        | fabric                   | 0       |
|      sel_tmp_fu_90_p2                                                                 |     |        | sel_tmp                  | seteq      | auto                     | 0       |
|      out_bits_5_out                                                                   |     |        | out_bits_5               | select     | auto_sel                 | 0       |
|      sel_tmp2_fu_105_p2                                                               |     |        | sel_tmp2                 | seteq      | auto                     | 0       |
|      out_bits_4_out                                                                   |     |        | out_bits_4               | select     | auto_sel                 | 0       |
|      sel_tmp4_fu_120_p2                                                               |     |        | sel_tmp4                 | seteq      | auto                     | 0       |
|      out_bits_3_out                                                                   |     |        | out_bits_3               | select     | auto_sel                 | 0       |
|      icmp_ln400_fu_135_p2                                                             |     |        | icmp_ln400               | seteq      | auto                     | 0       |
|    + scaled_fixed2ieee_63_1_Pipeline_2 (grp_scaled_fixed2ieee_63_1_Pipeline_2_fu_109) | 0   |        |                          |            |                          |         |
|      icmp_ln401_fu_136_p2                                                             |     |        | icmp_ln401               | seteq      | auto                     | 0       |
|      add_ln401_fu_142_p2                                                              |     |        | add_ln401                | add        | fabric                   | 0       |
|      sub_ln403_fu_156_p2                                                              |     |        | sub_ln403                | sub        | fabric                   | 0       |
|      partselect_16ns_63ns_32ns_16_1_1_U4                                              |     |        | tmp_3                    | partselect | auto                     | 0       |
|    + scaled_fixed2ieee_63_1_Pipeline_3 (grp_scaled_fixed2ieee_63_1_Pipeline_3_fu_121) | 0   |        |                          |            |                          |         |
|      icmp_ln414_fu_136_p2                                                             |     |        | icmp_ln414               | seteq      | auto                     | 0       |
|      add_ln414_fu_142_p2                                                              |     |        | add_ln414                | add        | fabric                   | 0       |
|      sparsemux_9_2_32_1_1_U13                                                         |     |        | x                        | sparsemux  | compactencoding_dontcare | 0       |
|      ctlz_32_32_1_1_U14                                                               |     |        | c_4                      | ctlz       | auto                     | 0       |
|    + scaled_fixed2ieee_63_1_Pipeline_4 (grp_scaled_fixed2ieee_63_1_Pipeline_4_fu_133) | 0   |        |                          |            |                          |         |
|      sparsemux_9_2_32_1_1_U25                                                         |     |        | tmp_8                    | sparsemux  | compactencoding_dontcare | 0       |
|      shift_3_fu_165_p2                                                                |     |        | shift_3                  | add        | fabric                   | 0       |
|      sub_ln423_fu_179_p2                                                              |     |        | sub_ln423                | sub        | fabric                   | 0       |
|      select_ln423_fu_185_p3                                                           |     |        | select_ln423             | select     | auto_sel                 | 0       |
|      ashr_ln423_fu_239_p2                                                             |     |        | ashr_ln423               | ashr       | auto_pipe                | 0       |
|      shl_ln423_fu_245_p2                                                              |     |        | shl_ln423                | shl        | auto_pipe                | 0       |
|      in_shift_2_fu_251_p3                                                             |     |        | in_shift_2               | select     | auto_sel                 | 0       |
|      icmp_ln424_fu_193_p2                                                             |     |        | icmp_ln424               | setne      | auto                     | 0       |
|      add_ln421_fu_199_p2                                                              |     |        | add_ln421                | add        | fabric                   | 0       |
|      or_ln424_fu_217_p2                                                               |     |        | or_ln424                 | or         | auto                     | 0       |
+---------------------------------------------------------------------------------------+-----+--------+--------------------------+------------+--------------------------+---------+


================================================================
== Storage Report
================================================================
+---------------------------------+-----------+-----------+------+------+--------+----------------------------+--------+---------+------------------+
| Name                            | Usage     | Type      | BRAM | URAM | Pragma | Variable                   | Impl   | Latency | Bitwidth, Depth, |
|                                 |           |           |      |      |        |                            |        |         | Banks            |
+---------------------------------+-----------+-----------+------+------+--------+----------------------------+--------+---------+------------------+
| + trig_approx                   |           |           | 8    | 0    |        |                            |        |         |                  |
|   CTRL_s_axi_U                  | interface | s_axilite |      |      |        |                            |        |         |                  |
|  + generic_sincos_double_s      |           |           | 8    | 0    |        |                            |        |         |                  |
|    ref_4oPi_table_256_U         | rom_1p    |           | 8    |      |        | ref_4oPi_table_256         | auto   | 1       | 256, 10, 1       |
|    fourth_order_double_cos_K0_U | rom_1p    |           |      |      | pragma | fourth_order_double_cos_K0 | lutram | 1       | 58, 128, 1       |
|    fourth_order_double_cos_K1_U | rom_1p    |           |      |      | pragma | fourth_order_double_cos_K1 | lutram | 1       | 53, 128, 1       |
|    fourth_order_double_cos_K2_U | rom_1p    |           |      |      | pragma | fourth_order_double_cos_K2 | lutram | 1       | 44, 128, 1       |
|    fourth_order_double_cos_K3_U | rom_1p    |           |      |      | pragma | fourth_order_double_cos_K3 | lutram | 1       | 35, 128, 1       |
|    fourth_order_double_cos_K4_U | rom_1p    |           |      |      | pragma | fourth_order_double_cos_K4 | lutram | 1       | 27, 128, 1       |
|    fourth_order_double_sin_K0_U | rom_1p    |           |      |      | pragma | fourth_order_double_sin_K0 | lutram | 1       | 59, 128, 1       |
|    fourth_order_double_sin_K1_U | rom_1p    |           |      |      | pragma | fourth_order_double_sin_K1 | lutram | 1       | 51, 128, 1       |
|    fourth_order_double_sin_K2_U | rom_1p    |           |      |      | pragma | fourth_order_double_sin_K2 | lutram | 1       | 43, 128, 1       |
|    fourth_order_double_sin_K3_U | rom_1p    |           |      |      | pragma | fourth_order_double_sin_K3 | lutram | 1       | 33, 128, 1       |
|    fourth_order_double_sin_K4_U | rom_1p    |           |      |      | pragma | fourth_order_double_sin_K4 | lutram | 1       | 23, 128, 1       |
+---------------------------------+-----------+-----------+------+------+--------+----------------------------+--------+---------+------------------+


================================================================
== Pragma Report
================================================================
* Valid Pragma Syntax
+-----------+------------------------------------+---------------------------------------------------------------------------+
| Type      | Options                            | Location                                                                  |
+-----------+------------------------------------+---------------------------------------------------------------------------+
| interface | s_axilite port=angle bundle=CTRL   | ../../TrignoApproxHSL/trig_src_inbuilt_tan.cpp:11 in trig_approx, angle   |
| interface | s_axilite port=tan_out bundle=CTRL | ../../TrignoApproxHSL/trig_src_inbuilt_tan.cpp:12 in trig_approx, tan_out |
| interface | s_axilite port=return bundle=CTRL  | ../../TrignoApproxHSL/trig_src_inbuilt_tan.cpp:13 in trig_approx, return  |
+-----------+------------------------------------+---------------------------------------------------------------------------+


