

================================================================
== Vitis HLS Report for 'scaled_fixed2ieee_63_1_s'
================================================================
* Date:           Sun Feb  9 02:55:03 2025

* Version:        2024.2 (Build 5238294 on Nov  8 2024)
* Project:        trig_approx
* Solution:       hls (Vivado IP Flow Target)
* Product family: artix7
* Target device:  xc7a35t-cpg236-1


================================================================
== Performance Estimates
================================================================
+ Timing: 
    * Summary: 
    +--------+----------+----------+------------+
    |  Clock |  Target  | Estimated| Uncertainty|
    +--------+----------+----------+------------+
    |ap_clk  |  10.00 ns|  7.365 ns|     2.00 ns|
    +--------+----------+----------+------------+

+ Latency: 
    * Summary: 
    +---------+---------+----------+----------+-----+-----+---------+
    |  Latency (cycles) |  Latency (absolute) |  Interval | Pipeline|
    |   min   |   max   |    min   |    max   | min | max |   Type  |
    +---------+---------+----------+----------+-----+-----+---------+
    |       27|       30|  0.270 us|  0.300 us|   27|   30|       no|
    +---------+---------+----------+----------+-----+-----+---------+

    + Detail: 
        * Instance: 
        +----------------------------------------------+-----------------------------------+---------+---------+-----------+-----------+-----+-----+------------------------------------------------+
        |                                              |                                   |  Latency (cycles) |   Latency (absolute)  |  Interval |                    Pipeline                    |
        |                   Instance                   |               Module              |   min   |   max   |    min    |    max    | min | max |                      Type                      |
        +----------------------------------------------+-----------------------------------+---------+---------+-----------+-----------+-----+-----+------------------------------------------------+
        |grp_scaled_fixed2ieee_63_1_Pipeline_1_fu_102  |scaled_fixed2ieee_63_1_Pipeline_1  |        5|        5|  50.000 ns|  50.000 ns|    4|    4|  loop auto-rewind stp (delay=0 clock cycles(s))|
        |grp_scaled_fixed2ieee_63_1_Pipeline_2_fu_109  |scaled_fixed2ieee_63_1_Pipeline_2  |        5|        5|  50.000 ns|  50.000 ns|    4|    4|  loop auto-rewind stp (delay=0 clock cycles(s))|
        |grp_scaled_fixed2ieee_63_1_Pipeline_3_fu_121  |scaled_fixed2ieee_63_1_Pipeline_3  |        6|        6|  60.000 ns|  60.000 ns|    5|    5|  loop auto-rewind stp (delay=0 clock cycles(s))|
        |grp_scaled_fixed2ieee_63_1_Pipeline_4_fu_133  |scaled_fixed2ieee_63_1_Pipeline_4  |        3|        6|  30.000 ns|  60.000 ns|    1|    4|  loop auto-rewind stp (delay=0 clock cycles(s))|
        +----------------------------------------------+-----------------------------------+---------+---------+-----------+-----------+-----+-----+------------------------------------------------+

        * Loop: 
        N/A



================================================================
== Utilization Estimates
================================================================
* Summary: 
+-----------------+---------+----+-------+-------+-----+
|       Name      | BRAM_18K| DSP|   FF  |  LUT  | URAM|
+-----------------+---------+----+-------+-------+-----+
|DSP              |        -|   -|      -|      -|    -|
|Expression       |        -|   -|      0|    193|    -|
|FIFO             |        -|   -|      -|      -|    -|
|Instance         |        -|   -|    501|   1050|    -|
|Memory           |        -|   -|      -|      -|    -|
|Multiplexer      |        -|   -|      0|     50|    -|
|Register         |        -|   -|    265|      -|    -|
+-----------------+---------+----+-------+-------+-----+
|Total            |        0|   0|    766|   1293|    0|
+-----------------+---------+----+-------+-------+-----+
|Available        |      100|  90|  41600|  20800|    0|
+-----------------+---------+----+-------+-------+-----+
|Utilization (%)  |        0|   0|      1|      6|    0|
+-----------------+---------+----+-------+-------+-----+

+ Detail: 
    * Instance: 
    +----------------------------------------------+-----------------------------------+---------+----+-----+-----+-----+
    |                   Instance                   |               Module              | BRAM_18K| DSP|  FF | LUT | URAM|
    +----------------------------------------------+-----------------------------------+---------+----+-----+-----+-----+
    |grp_scaled_fixed2ieee_63_1_Pipeline_1_fu_102  |scaled_fixed2ieee_63_1_Pipeline_1  |        0|   0|  100|  174|    0|
    |grp_scaled_fixed2ieee_63_1_Pipeline_2_fu_109  |scaled_fixed2ieee_63_1_Pipeline_2  |        0|   0|  100|  107|    0|
    |grp_scaled_fixed2ieee_63_1_Pipeline_3_fu_121  |scaled_fixed2ieee_63_1_Pipeline_3  |        0|   0|  133|  113|    0|
    |grp_scaled_fixed2ieee_63_1_Pipeline_4_fu_133  |scaled_fixed2ieee_63_1_Pipeline_4  |        0|   0|  168|  656|    0|
    +----------------------------------------------+-----------------------------------+---------+----+-----+-----+-----+
    |Total                                         |                                   |        0|   0|  501| 1050|    0|
    +----------------------------------------------+-----------------------------------+---------+----+-----+-----+-----+

    * DSP: 
    N/A

    * Memory: 
    N/A

    * FIFO: 
    N/A

    * Expression: 
    +-----------------------+----------+----+---+----+------------+------------+
    |     Variable Name     | Operation| DSP| FF| LUT| Bitwidth P0| Bitwidth P1|
    +-----------------------+----------+----+---+----+------------+------------+
    |newexp_fu_217_p2       |         -|   0|  0|  39|          32|          32|
    |sub_ln432_fu_207_p2    |         -|   0|  0|  19|          10|          12|
    |icmp_ln433_fu_196_p2   |      icmp|   0|  0|  70|          63|           1|
    |or_ln433_fu_231_p2     |        or|   0|  0|   2|           1|           1|
    |out_exp_fu_258_p3      |    select|   0|  0|  11|           1|           1|
    |significand_fu_250_p3  |    select|   0|  0|  52|           1|           1|
    +-----------------------+----------+----+---+----+------------+------------+
    |Total                  |          |   0|  0| 193|         108|          48|
    +-----------------------+----------+----+---+----+------------+------------+

    * Multiplexer: 
    +-----------+----+-----------+-----+-----------+
    |    Name   | LUT| Input Size| Bits| Total Bits|
    +-----------+----+-----------+-----+-----------+
    |ap_NS_fsm  |  41|         10|    1|         10|
    |ap_return  |   9|          2|   63|        126|
    +-----------+----+-----------+-----+-----------+
    |Total      |  50|         12|   64|        136|
    +-----------+----+-----------+-----+-----------+

    * Register: 
    +-----------------------------------------------------------+----+----+-----+-----------+
    |                            Name                           | FF | LUT| Bits| Const Bits|
    +-----------------------------------------------------------+----+----+-----+-----------+
    |ap_CS_fsm                                                  |   9|   0|    9|          0|
    |ap_return_preg                                             |  63|   0|   64|          1|
    |grp_scaled_fixed2ieee_63_1_Pipeline_1_fu_102_ap_start_reg  |   1|   0|    1|          0|
    |grp_scaled_fixed2ieee_63_1_Pipeline_2_fu_109_ap_start_reg  |   1|   0|    1|          0|
    |grp_scaled_fixed2ieee_63_1_Pipeline_3_fu_121_ap_start_reg  |   1|   0|    1|          0|
    |grp_scaled_fixed2ieee_63_1_Pipeline_4_fu_133_ap_start_reg  |   1|   0|    1|          0|
    |icmp_ln433_reg_401                                         |   1|   0|    1|          0|
    |in_shift_2_loc_fu_42                                       |  62|   0|   62|          0|
    |out_bits_3_loc_fu_78                                       |  32|   0|   32|          0|
    |out_bits_4_loc_fu_82                                       |  32|   0|   32|          0|
    |out_bits_5_loc_fu_86                                       |  32|   0|   32|          0|
    |out_bits_6_reg_384                                         |  15|   0|   32|         17|
    |trunc_ln408_reg_370                                        |  15|   0|   15|          0|
    +-----------------------------------------------------------+----+----+-----+-----------+
    |Total                                                      | 265|   0|  283|         18|
    +-----------------------------------------------------------+----+----+-----+-----------+



================================================================
== Interface
================================================================
* Summary: 
+-----------+-----+-----+------------+--------------------------+--------------+
| RTL Ports | Dir | Bits|  Protocol  |       Source Object      |    C Type    |
+-----------+-----+-----+------------+--------------------------+--------------+
|ap_clk     |   in|    1|  ap_ctrl_hs|  scaled_fixed2ieee<63, 1>|  return value|
|ap_rst     |   in|    1|  ap_ctrl_hs|  scaled_fixed2ieee<63, 1>|  return value|
|ap_start   |   in|    1|  ap_ctrl_hs|  scaled_fixed2ieee<63, 1>|  return value|
|ap_done    |  out|    1|  ap_ctrl_hs|  scaled_fixed2ieee<63, 1>|  return value|
|ap_idle    |  out|    1|  ap_ctrl_hs|  scaled_fixed2ieee<63, 1>|  return value|
|ap_ready   |  out|    1|  ap_ctrl_hs|  scaled_fixed2ieee<63, 1>|  return value|
|ap_return  |  out|   64|  ap_ctrl_hs|  scaled_fixed2ieee<63, 1>|  return value|
|in_r       |   in|   63|     ap_none|                      in_r|        scalar|
|prescale   |   in|   12|     ap_none|                  prescale|        scalar|
+-----------+-----+-----+------------+--------------------------+--------------+

