

================================================================
== Vitis HLS Report for 'trig_approx'
================================================================
* Date:           Tue Feb 11 00:52:54 2025

* Version:        2024.2 (Build 5238294 on Nov  8 2024)
* Project:        trig_approx
* Solution:       hls (Vivado IP Flow Target)
* Product family: artix7
* Target device:  xc7a35t-cpg236-1


================================================================
== Performance Estimates
================================================================
+ Timing: 
    * Summary: 
    +--------+----------+----------+------------+
    |  Clock |  Target  | Estimated| Uncertainty|
    +--------+----------+----------+------------+
    |ap_clk  |  10.00 ns|  8.757 ns|     2.00 ns|
    +--------+----------+----------+------------+

+ Latency: 
    * Summary: 
    +---------+---------+----------+----------+-----+-----+---------+
    |  Latency (cycles) |  Latency (absolute) |  Interval | Pipeline|
    |   min   |   max   |    min   |    max   | min | max |   Type  |
    +---------+---------+----------+----------+-----+-----+---------+
    |      218|      218|  2.180 us|  2.180 us|  219|  219|       no|
    +---------+---------+----------+----------+-----+-----+---------+

    + Detail: 
        * Instance: 
        N/A

        * Loop: 
        N/A



================================================================
== Utilization Estimates
================================================================
* Summary: 
+-----------------+---------+----+-------+-------+-----+
|       Name      | BRAM_18K| DSP|   FF  |  LUT  | URAM|
+-----------------+---------+----+-------+-------+-----+
|DSP              |        -|   -|      -|      -|    -|
|Expression       |        -|   -|      0|   1846|    -|
|FIFO             |        -|   -|      -|      -|    -|
|Instance         |        0|  39|   2387|   2475|    -|
|Memory           |        2|   -|    320|     35|    -|
|Multiplexer      |        -|   -|      0|   1378|    -|
|Register         |        -|   -|   1754|      -|    -|
+-----------------+---------+----+-------+-------+-----+
|Total            |        2|  39|   4461|   5734|    0|
+-----------------+---------+----+-------+-------+-----+
|Available        |      100|  90|  41600|  20800|    0|
+-----------------+---------+----+-------+-------+-----+
|Utilization (%)  |        2|  43|     10|     27|    0|
+-----------------+---------+----+-------+-------+-----+

+ Detail: 
    * Instance: 
    +---------------------------------------+------------------------------------+---------+----+-----+-----+-----+
    |                Instance               |               Module               | BRAM_18K| DSP|  FF | LUT | URAM|
    +---------------------------------------+------------------------------------+---------+----+-----+-----+-----+
    |CTRL_s_axi_U                           |CTRL_s_axi                          |        0|   0|  176|  296|    0|
    |dadd_64ns_64ns_64_7_full_dsp_1_U2      |dadd_64ns_64ns_64_7_full_dsp_1      |        0|   3|  630|  777|    0|
    |dadddsub_64ns_64ns_64_7_full_dsp_1_U1  |dadddsub_64ns_64ns_64_7_full_dsp_1  |        0|   3|  630|  777|    0|
    |dcmp_64ns_64ns_1_2_no_dsp_1_U7         |dcmp_64ns_64ns_1_2_no_dsp_1         |        0|   0|    0|    0|    0|
    |dcmp_64ns_64ns_1_2_no_dsp_1_U8         |dcmp_64ns_64ns_1_2_no_dsp_1         |        0|   0|    0|    0|    0|
    |ddiv_64ns_64ns_64_59_no_dsp_1_U6       |ddiv_64ns_64ns_64_59_no_dsp_1       |        0|   0|    0|    0|    0|
    |dmul_64ns_64ns_64_6_max_dsp_1_U3       |dmul_64ns_64ns_64_6_max_dsp_1       |        0|  11|  317|  204|    0|
    |dmul_64ns_64ns_64_6_max_dsp_1_U4       |dmul_64ns_64ns_64_6_max_dsp_1       |        0|  11|  317|  204|    0|
    |dmul_64ns_64ns_64_6_max_dsp_1_U5       |dmul_64ns_64ns_64_6_max_dsp_1       |        0|  11|  317|  204|    0|
    |sparsemux_9_3_64_1_1_U9                |sparsemux_9_3_64_1_1                |        0|   0|    0|   13|    0|
    +---------------------------------------+------------------------------------+---------+----+-----+-----+-----+
    |Total                                  |                                    |        0|  39| 2387| 2475|    0|
    +---------------------------------------+------------------------------------+---------+----+-----+-----+-----+

    * DSP: 
    N/A

    * Memory: 
    +---------------+-------------------------+---------+----+----+-----+------+-----+------+-------------+
    |     Memory    |          Module         | BRAM_18K| FF | LUT| URAM| Words| Bits| Banks| W*Bits*Banks|
    +---------------+-------------------------+---------+----+----+-----+------+-----+------+-------------+
    |mask_table_U   |mask_table_ROM_AUTO_1R   |        2|   0|   0|    0|    64|   52|     1|         3328|
    |sinparams_a_U  |sinparams_a_ROM_AUTO_1R  |        0|  64|   7|    0|     7|   64|     1|          448|
    |sinparams_b_U  |sinparams_b_ROM_AUTO_1R  |        0|  64|   7|    0|     7|   64|     1|          448|
    |sinparams_x_U  |sinparams_x_ROM_AUTO_1R  |        0|  64|   7|    0|     7|   64|     1|          448|
    |sinparams_y_U  |sinparams_y_ROM_AUTO_1R  |        0|  64|   7|    0|     7|   64|     1|          448|
    |sinparams_z_U  |sinparams_z_ROM_AUTO_1R  |        0|  64|   7|    0|     7|   64|     1|          448|
    +---------------+-------------------------+---------+----+----+-----+------+-----+------+-------------+
    |Total          |                         |        2| 320|  35|    0|    99|  372|     6|         5568|
    +---------------+-------------------------+---------+----+----+-----+------+-----+------+-------------+

    * FIFO: 
    N/A

    * Expression: 
    +-----------------------+----------+----+---+-----+------------+------------+
    |     Variable Name     | Operation| DSP| FF| LUT | Bitwidth P0| Bitwidth P1|
    +-----------------------+----------+----+---+-----+------------+------------+
    |add_ln486_fu_661_p2    |         +|   0|  0|   19|          12|          11|
    |data_1_fu_374_p2       |         +|   0|  0|   71|          64|          64|
    |result_2_fu_752_p2     |         -|   0|  0|   11|           1|           3|
    |sub_ln18_fu_675_p2     |         -|   0|  0|   18|          10|          11|
    |u_1_fu_788_p2          |         -|   0|  0|   71|          63|          64|
    |and_ln19_1_fu_487_p2   |       and|   0|  0|    2|           1|           1|
    |and_ln19_fu_482_p2     |       and|   0|  0|    2|           1|           1|
    |and_ln20_fu_798_p2     |       and|   0|  0|    2|           1|           1|
    |and_ln22_fu_575_p2     |       and|   0|  0|    2|           1|           1|
    |and_ln24_fu_448_p2     |       and|   0|  0|    2|           1|           1|
    |and_ln26_fu_620_p2     |       and|   0|  0|    2|           1|           1|
    |xs_sig_3_fu_422_p2     |       and|   0|  0|   52|          52|          52|
    |xs_sign_2_fu_400_p2    |       and|   0|  0|    2|           1|           1|
    |icmp_ln18_fu_343_p2    |      icmp|   0|  0|   18|          11|          10|
    |icmp_ln19_1_fu_471_p2  |      icmp|   0|  0|   18|          11|           1|
    |icmp_ln19_fu_466_p2    |      icmp|   0|  0|   59|          52|           1|
    |icmp_ln20_1_fu_550_p2  |      icmp|   0|  0|   59|          52|           1|
    |icmp_ln20_fu_544_p2    |      icmp|   0|  0|   18|          11|           2|
    |icmp_ln24_fu_348_p2    |      icmp|   0|  0|   18|          11|          11|
    |icmp_ln26_1_fu_610_p2  |      icmp|   0|  0|   59|          52|           1|
    |icmp_ln26_fu_604_p2    |      icmp|   0|  0|   18|          11|           2|
    |lshr_ln18_fu_713_p2    |      lshr|   0|  0|  460|         137|         137|
    |or_ln19_fu_476_p2      |        or|   0|  0|    2|           1|           1|
    |or_ln20_fu_556_p2      |        or|   0|  0|    2|           1|           1|
    |or_ln24_fu_454_p2      |        or|   0|  0|    2|           1|           1|
    |or_ln26_fu_616_p2      |        or|   0|  0|    2|           1|           1|
    |result_5_fu_758_p3     |    select|   0|  0|    3|           1|           3|
    |select_ln18_fu_685_p3  |    select|   0|  0|   12|           1|          12|
    |sign_3_fu_844_p3       |    select|   0|  0|   64|           1|          64|
    |sign_fu_802_p3         |    select|   0|  0|   64|           1|          64|
    |val_fu_745_p3          |    select|   0|  0|    3|           1|           3|
    |x_2_fu_580_p3          |    select|   0|  0|   64|           1|          64|
    |x_5_fu_626_p3          |    select|   0|  0|   64|           1|          64|
    |xs_exp_3_fu_405_p3     |    select|   0|  0|   11|           1|          11|
    |xs_sig_2_fu_411_p3     |    select|   0|  0|   52|           1|          52|
    |shl_ln18_fu_719_p2     |       shl|   0|  0|  460|         137|         137|
    |xor_ln18_fu_442_p2     |       xor|   0|  0|    2|           1|           2|
    |xor_ln23_fu_822_p2     |       xor|   0|  0|    2|           1|           2|
    |xor_ln24_fu_460_p2     |       xor|   0|  0|    2|           1|           2|
    |xor_ln39_fu_417_p2     |       xor|   0|  0|   52|          52|           2|
    +-----------------------+----------+----+---+-----+------------+------------+
    |Total                  |          |   0|  0| 1846|         762|         864|
    +-----------------------+----------+----+---+-----+------------+------------+

    * Multiplexer: 
    +-------------------+------+-----------+-----+-----------+
    |        Name       |  LUT | Input Size| Bits| Total Bits|
    +-------------------+------+-----------+-----+-----------+
    |ap_NS_fsm          |  1168|        220|    1|        220|
    |grp_fu_235_opcode  |    13|          3|    2|          6|
    |grp_fu_235_p0      |    29|          7|   64|        448|
    |grp_fu_235_p1      |    25|          6|   64|        384|
    |grp_fu_246_p0      |    37|          9|   64|        576|
    |grp_fu_246_p1      |    41|         10|   64|        640|
    |grp_fu_261_p0      |    13|          3|   64|        192|
    |grp_fu_261_p1      |    13|          3|   64|        192|
    |grp_fu_268_opcode  |    13|          3|    5|         15|
    |grp_fu_268_p0      |    13|          3|   64|        192|
    |grp_fu_268_p1      |    13|          3|   64|        192|
    +-------------------+------+-----------+-----+-----------+
    |Total              |  1378|        270|  520|       3057|
    +-------------------+------+-----------+-----+-----------+

    * Register: 
    +---------------------+-----+----+-----+-----------+
    |         Name        |  FF | LUT| Bits| Const Bits|
    +---------------------+-----+----+-----+-----------+
    |add4_i_reg_1052      |   64|   0|   64|          0|
    |and_ln22_reg_930     |    1|   0|    1|          0|
    |ap_CS_fsm            |  219|   0|  219|          0|
    |dc_reg_862           |   64|   0|   64|          0|
    |icmp_ln26_1_reg_948  |    1|   0|    1|          0|
    |icmp_ln26_reg_943    |    1|   0|    1|          0|
    |in_r_read_reg_856    |   64|   0|   64|          0|
    |mask_reg_901         |   52|   0|   52|          0|
    |mul2_i_reg_1032      |   64|   0|   64|          0|
    |mul3_i_reg_1037      |   64|   0|   64|          0|
    |or_ln20_reg_912      |    1|   0|    1|          0|
    |p_a_reg_1007         |   64|   0|   64|          0|
    |p_b_reg_1027         |   64|   0|   64|          0|
    |p_x_reg_1012         |   64|   0|   64|          0|
    |p_y_reg_1017         |   64|   0|   64|          0|
    |p_z_reg_1047         |   64|   0|   64|          0|
    |quotient_reg_907     |   64|   0|   64|          0|
    |reg_279              |   64|   0|   64|          0|
    |reg_289              |   64|   0|   64|          0|
    |reg_295              |   64|   0|   64|          0|
    |result_5_reg_981     |    3|   0|    3|          0|
    |select_ln18_reg_976  |   12|   0|   12|          0|
    |sign_3_reg_1073      |    1|   0|   64|         63|
    |tmp_10_reg_971       |    1|   0|    1|          0|
    |tmp_1_reg_925        |    1|   0|    1|          0|
    |trunc_ln2_reg_1057   |   63|   0|   63|          0|
    |trunc_ln479_reg_896  |   63|   0|   63|          0|
    |trunc_ln505_reg_966  |   52|   0|   52|          0|
    |u_1_reg_1062         |   64|   0|   64|          0|
    |x_2_reg_936          |   64|   0|   64|          0|
    |x_5_reg_953          |   64|   0|   64|          0|
    |x_reg_918            |   63|   0|   64|          1|
    |xs_exp_1_reg_877     |   11|   0|   11|          0|
    |xs_sig_reg_885       |   52|   0|   52|          0|
    |xs_sign_3_reg_961    |    1|   0|    1|          0|
    |xs_sign_reg_868      |    1|   0|    1|          0|
    |y_reg_1067           |   64|   0|   64|          0|
    |zext_ln87_reg_986    |    3|   0|   64|         61|
    +---------------------+-----+----+-----+-----------+
    |Total                | 1754|   0| 1879|        125|
    +---------------------+-----+----+-----+-----------+



================================================================
== Interface
================================================================
* Summary: 
+--------------------+-----+-----+------------+--------------+--------------+
|      RTL Ports     | Dir | Bits|  Protocol  | Source Object|    C Type    |
+--------------------+-----+-----+------------+--------------+--------------+
|s_axi_CTRL_AWVALID  |   in|    1|       s_axi|          CTRL|       pointer|
|s_axi_CTRL_AWREADY  |  out|    1|       s_axi|          CTRL|       pointer|
|s_axi_CTRL_AWADDR   |   in|    6|       s_axi|          CTRL|       pointer|
|s_axi_CTRL_WVALID   |   in|    1|       s_axi|          CTRL|       pointer|
|s_axi_CTRL_WREADY   |  out|    1|       s_axi|          CTRL|       pointer|
|s_axi_CTRL_WDATA    |   in|   32|       s_axi|          CTRL|       pointer|
|s_axi_CTRL_WSTRB    |   in|    4|       s_axi|          CTRL|       pointer|
|s_axi_CTRL_ARVALID  |   in|    1|       s_axi|          CTRL|       pointer|
|s_axi_CTRL_ARREADY  |  out|    1|       s_axi|          CTRL|       pointer|
|s_axi_CTRL_ARADDR   |   in|    6|       s_axi|          CTRL|       pointer|
|s_axi_CTRL_RVALID   |  out|    1|       s_axi|          CTRL|       pointer|
|s_axi_CTRL_RREADY   |   in|    1|       s_axi|          CTRL|       pointer|
|s_axi_CTRL_RDATA    |  out|   32|       s_axi|          CTRL|       pointer|
|s_axi_CTRL_RRESP    |  out|    2|       s_axi|          CTRL|       pointer|
|s_axi_CTRL_BVALID   |  out|    1|       s_axi|          CTRL|       pointer|
|s_axi_CTRL_BREADY   |   in|    1|       s_axi|          CTRL|       pointer|
|s_axi_CTRL_BRESP    |  out|    2|       s_axi|          CTRL|       pointer|
|ap_clk              |   in|    1|  ap_ctrl_hs|   trig_approx|  return value|
|ap_rst_n            |   in|    1|  ap_ctrl_hs|   trig_approx|  return value|
|interrupt           |  out|    1|  ap_ctrl_hs|   trig_approx|  return value|
+--------------------+-----+-----+------------+--------------+--------------+

