================================================================
== Design Size Report
================================================================

* Total Instructions per Compilation Phase
+---------------+-----------------------------+--------------+----------------------------------------------------------------------------------------+
| Phase         | Step                        | Instructions | Description                                                                            |
+---------------+-----------------------------+--------------+----------------------------------------------------------------------------------------+
| Compile/Link  |                             | 11,007       | After all functions are compiled and linked into a single design                       |
|               |                             |              |                                                                                        |
| Unroll/Inline |                             |              | After user unroll and inline pragmas are applied                                       |
|               | (1) unroll                  |    790       | user unroll pragmas are applied                                                        |
|               | (2) simplification          |    414       | simplification of applied user unroll pragmas                                          |
|               | (3) inline                  |    398       | user inline pragmas are applied                                                        |
|               | (4) simplification          |    273       | simplification of applied user inline pragmas                                          |
|               |                             |              |                                                                                        |
| Array/Struct  |                             |              | After user array partition and struct aggregate/disaggregate pragmas are applied       |
|               | (1) array partition         |    316       | user array partition pragmas are applied                                               |
|               | (2) simplification          |    262       | simplification of applied user array partition & struct aggregate/disaggregate pragmas |
|               | (3) aggregate/disaggregate  |    262       | user struct aggregate/disaggregate pragmas are applied                                 |
|               | (4) array reshape           |    262       | apply array reshape pragmas                                                            |
|               | (5) access patterns         |    264       | array access pattern optmizations                                                      |
|               |                             |              |                                                                                        |
| Performance   |                             |              | After transformations are applied to meet performance pragma targets                   |
|               | (1) loop simplification     |    264       | loop and instruction simplification                                                    |
|               | (2) parallelization         |    262       | loops are unrolled or pipelined to meet performance targets                            |
|               | (3) array partition         |    316       | arrays are partitioned to meet performance targets                                     |
|               | (4) simplification          |    281       | simplification of design after performance transformations                             |
|               |                             |              |                                                                                        |
| HW Transforms |                             |              | After hardware transfomations                                                          |
|               | (1) lowering                |    286       | initial conversion to HW specific instructions                                         |
|               | (2) optimizations           |    297       | high level synthesis optimizations                                                     |
+---------------+-----------------------------+--------------+----------------------------------------------------------------------------------------+

* Instructions per Function for each Compilation Phase
+-----------------------------------------+----------------------------+-----------------+---------------+--------------+-------------+---------------+
| Function                                | Location                   | Compile/Link    | Unroll/Inline | Array/Struct | Performance | HW Transforms |
+-----------------------------------------+----------------------------+-----------------+---------------+--------------+-------------+---------------+
| + trig_approx                           | trig_src_inbuilt_sin.cpp:8 | 11,007          | 273           | 264          | 281         | 297           |
|  + sin                                  | sincoshotbmdouble.cpp:24   | 11,001          |               |              |             |               |
|   + sin                                 | sincoshotbmdouble.cpp:9    | 10,999          |               |              |             |               |
|    + sin                                | hls_hotbm_double.cpp:139   | 10,997          |               |              |             |               |
|     + sin_or_cos<double>                | hls_hotbm.h:209            | 10,995          |               |              |             |               |
|        fp_struct                        | x_hls_utils.h:456          |   638 (2 calls) |               |              |             |               |
|      + range_redux_payne_hanek_hotb...  | hls_range_redux.h:543      | 2,553           |               |              |             |               |
|         fp_struct                       | x_hls_utils.h:456          |   319           |               |              |             |               |
|         expv                            | x_hls_utils.h:485          |   109           |               |              |             |               |
|         clz<61, 124, 0>                 | hls_normalize.h:69         |   164           |               |              |             |               |
|      + range_redux_payne_hanek_hotb...  | hls_range_redux.h:431      | 2,173           |               |              |             |               |
|         fp_struct                       | x_hls_utils.h:456          |   319           |               |              |             |               |
|         expv                            | x_hls_utils.h:485          |   109           |               |              |             |               |
|         table_lookup_4oPi_hotbm<52, ... | hls_range_redux.h:393      |   283           |               |              |             |               |
|         clz<61, 124, 0>                 | hls_normalize.h:69         |   164           |               |              |             |               |
|        sin_or_cos_approximation<63,...  | hls_hotbm_double.cpp:8     | 2,775           |               |              |             |               |
|      + scaled_fixed2ieee<63, 1>         | x_hls_float_utils.h:389    | 1,543           |               |              |             |               |
|         fp_struct                       | x_hls_utils.h:454          |     4           |               |              |             |               |
|         clz                             | hls_normalize.h:79         |    29           |               |              |             |               |
|         set_mantissa                    | x_hls_utils.h:499          |   111           |               |              |             |               |
|       + to_ieee                         | x_hls_utils.h:509          |   303           |               |              |             |               |
|        + to_double                      | x_hls_utils.h:494          |   301           |               |              |             |               |
|           data                          | x_hls_utils.h:475          |   279           |               |              |             |               |
|      + to_ieee                          | x_hls_utils.h:509          |   303           |               |              |             |               |
|       + to_double                       | x_hls_utils.h:494          |   301           |               |              |             |               |
|          data                           | x_hls_utils.h:475          |   279           |               |              |             |               |
|    sin_or_cos<double>                   | hls_hotbm.h:209            |                 | 267           | 258          | 275         | 285           |
+-----------------------------------------+----------------------------+-----------------+---------------+--------------+-------------+---------------+

* Design Size Message Settings
+---------------------------------------------+--------+------------------------------------------------------------------+
| Message Setting                             | Value  | Description                                                      |
+---------------------------------------------+--------+------------------------------------------------------------------+
| config_compile -design_size_maximum_warning | 100000 | Show a warning when total design instructions exceeds this value |
+---------------------------------------------+--------+------------------------------------------------------------------+


