

================================================================
== Vitis HLS Report for 'sin_or_cos_double_s'
================================================================
* Date:           Sun Feb  9 02:48:53 2025

* Version:        2024.2 (Build 5238294 on Nov  8 2024)
* Project:        trig_approx
* Solution:       hls (Vivado IP Flow Target)
* Product family: artix7
* Target device:  xc7a35t-cpg236-1


================================================================
== Performance Estimates
================================================================
+ Timing: 
    * Summary: 
    +--------+----------+----------+------------+
    |  Clock |  Target  | Estimated| Uncertainty|
    +--------+----------+----------+------------+
    |ap_clk  |  10.00 ns|  7.945 ns|     2.00 ns|
    +--------+----------+----------+------------+

+ Latency: 
    * Summary: 
    +---------+---------+----------+----------+-----+-----+---------+
    |  Latency (cycles) |  Latency (absolute) |  Interval | Pipeline|
    |   min   |   max   |    min   |    max   | min | max |   Type  |
    +---------+---------+----------+----------+-----+-----+---------+
    |       49|       52|  0.490 us|  0.520 us|   49|   52|       no|
    +---------+---------+----------+----------+-----+-----+---------+

    + Detail: 
        * Instance: 
        +-----------------------------------------+------------------------------+---------+---------+-----------+-----------+-----+-----+------------------------------------------------+
        |                                         |                              |  Latency (cycles) |   Latency (absolute)  |  Interval |                    Pipeline                    |
        |                 Instance                |            Module            |   min   |   max   |    min    |    max    | min | max |                      Type                      |
        +-----------------------------------------+------------------------------+---------+---------+-----------+-----------+-----+-----+------------------------------------------------+
        |grp_sin_or_cos_double_Pipeline_1_fu_360  |sin_or_cos_double_Pipeline_1  |        5|        5|  50.000 ns|  50.000 ns|    4|    4|  loop auto-rewind stp (delay=0 clock cycles(s))|
        |grp_sin_or_cos_double_Pipeline_2_fu_367  |sin_or_cos_double_Pipeline_2  |        5|        5|  50.000 ns|  50.000 ns|    4|    4|  loop auto-rewind stp (delay=0 clock cycles(s))|
        |grp_sin_or_cos_double_Pipeline_3_fu_378  |sin_or_cos_double_Pipeline_3  |        6|        6|  60.000 ns|  60.000 ns|    5|    5|  loop auto-rewind stp (delay=0 clock cycles(s))|
        |grp_sin_or_cos_double_Pipeline_4_fu_390  |sin_or_cos_double_Pipeline_4  |        3|        6|  30.000 ns|  60.000 ns|    1|    4|  loop auto-rewind stp (delay=0 clock cycles(s))|
        +-----------------------------------------+------------------------------+---------+---------+-----------+-----------+-----+-----+------------------------------------------------+

        * Loop: 
        N/A



================================================================
== Utilization Estimates
================================================================
* Summary: 
+-----------------+---------+----+-------+-------+-----+
|       Name      | BRAM_18K| DSP|   FF  |  LUT  | URAM|
+-----------------+---------+----+-------+-------+-----+
|DSP              |        -|   -|      -|      -|    -|
|Expression       |        -|   -|      0|   2860|    -|
|FIFO             |        -|   -|      -|      -|    -|
|Instance         |        -|  85|   2681|   2442|    -|
|Memory           |        8|   -|    213|    852|    -|
|Multiplexer      |        -|   -|      0|    174|    -|
|Register         |        -|   -|   1738|      -|    -|
+-----------------+---------+----+-------+-------+-----+
|Total            |        8|  85|   4632|   6328|    0|
+-----------------+---------+----+-------+-------+-----+
|Available        |      100|  90|  41600|  20800|    0|
+-----------------+---------+----+-------+-------+-----+
|Utilization (%)  |        8|  94|     11|     30|    0|
+-----------------+---------+----+-------+-------+-----+

+ Detail: 
    * Instance: 
    +-----------------------------------------+------------------------------+---------+----+-----+-----+-----+
    |                 Instance                |            Module            | BRAM_18K| DSP|  FF | LUT | URAM|
    +-----------------------------------------+------------------------------+---------+----+-----+-----+-----+
    |ctlz_62_62_1_1_U44                       |ctlz_62_62_1_1                |        0|   0|    0|   90|    0|
    |mul_170s_53ns_170_5_1_U40                |mul_170s_53ns_170_5_1         |        0|  27|  441|  256|    0|
    |mul_35ns_25ns_60_2_1_U33                 |mul_35ns_25ns_60_2_1          |        0|   2|  187|   69|    0|
    |mul_42ns_33ns_75_2_1_U34                 |mul_42ns_33ns_75_2_1          |        0|   4|  205|   88|    0|
    |mul_49ns_44s_93_3_1_U35                  |mul_49ns_44s_93_3_1           |        0|   9|  234|   84|    0|
    |mul_49ns_49ns_98_3_1_U36                 |mul_49ns_49ns_98_3_1          |        0|   9|  234|   84|    0|
    |mul_49ns_49ns_98_3_1_U37                 |mul_49ns_49ns_98_3_1          |        0|   9|  234|   84|    0|
    |mul_56ns_52s_108_3_1_U38                 |mul_56ns_52s_108_3_1          |        0|   9|  204|  218|    0|
    |mul_64s_63ns_126_5_1_U39                 |mul_64s_63ns_126_5_1          |        0|  16|  441|  256|    0|
    |grp_sin_or_cos_double_Pipeline_1_fu_360  |sin_or_cos_double_Pipeline_1  |        0|   0|  100|  174|    0|
    |grp_sin_or_cos_double_Pipeline_2_fu_367  |sin_or_cos_double_Pipeline_2  |        0|   0|  100|  107|    0|
    |grp_sin_or_cos_double_Pipeline_3_fu_378  |sin_or_cos_double_Pipeline_3  |        0|   0|  133|  113|    0|
    |grp_sin_or_cos_double_Pipeline_4_fu_390  |sin_or_cos_double_Pipeline_4  |        0|   0|  168|  656|    0|
    |sparsemux_17_3_1_1_1_U41                 |sparsemux_17_3_1_1_1          |        0|   0|    0|   33|    0|
    |sparsemux_33_4_1_1_1_U42                 |sparsemux_33_4_1_1_1          |        0|   0|    0|   65|    0|
    |sparsemux_33_4_1_1_1_U43                 |sparsemux_33_4_1_1_1          |        0|   0|    0|   65|    0|
    +-----------------------------------------+------------------------------+---------+----+-----+-----+-----+
    |Total                                    |                              |        0|  85| 2681| 2442|    0|
    +-----------------------------------------+------------------------------+---------+----+-----+-----+-----+

    * DSP: 
    N/A

    * Memory: 
    +----------------------------------+---------------------------------------------------------------------+---------+----+-----+-----+------+-----+------+-------------+
    |              Memory              |                                Module                               | BRAM_18K| FF | LUT | URAM| Words| Bits| Banks| W*Bits*Banks|
    +----------------------------------+---------------------------------------------------------------------+---------+----+-----+-----+------+-----+------+-------------+
    |fourth_order_double_sin_cos_K0_U  |sin_or_cos_double_s_fourth_order_double_sin_cos_K0_ROM_1P_LUTRAM_1R  |        0|  59|  236|    0|   256|   59|     1|        15104|
    |fourth_order_double_sin_cos_K1_U  |sin_or_cos_double_s_fourth_order_double_sin_cos_K1_ROM_1P_LUTRAM_1R  |        0|  52|  208|    0|   256|   52|     1|        13312|
    |fourth_order_double_sin_cos_K2_U  |sin_or_cos_double_s_fourth_order_double_sin_cos_K2_ROM_1P_LUTRAM_1R  |        0|  44|  176|    0|   256|   44|     1|        11264|
    |fourth_order_double_sin_cos_K3_U  |sin_or_cos_double_s_fourth_order_double_sin_cos_K3_ROM_1P_LUTRAM_1R  |        0|  33|  132|    0|   256|   33|     1|         8448|
    |fourth_order_double_sin_cos_K4_U  |sin_or_cos_double_s_fourth_order_double_sin_cos_K4_ROM_1P_LUTRAM_1R  |        0|  25|  100|    0|   256|   25|     1|         6400|
    |ref_4oPi_table_256_U              |sin_or_cos_double_s_ref_4oPi_table_256_ROM_AUTO_1R                   |        8|   0|    0|    0|    10|  256|     1|         2560|
    +----------------------------------+---------------------------------------------------------------------+---------+----+-----+-----+------+-----+------+-------------+
    |Total                             |                                                                     |        8| 213|  852|    0|  1290|  469|     6|        57088|
    +----------------------------------+---------------------------------------------------------------------+---------+----+-----+-----+------+-----+------+-------------+

    * FIFO: 
    N/A

    * Expression: 
    +---------------------------+----------+----+---+-----+------------+------------+
    |       Variable Name       | Operation| DSP| FF| LUT | Bitwidth P0| Bitwidth P1|
    +---------------------------+----------+----+---+-----+------------+------------+
    |add_ln37_1_fu_1065_p2      |         +|   0|  0|   64|          64|          64|
    |add_ln37_2_fu_1094_p2      |         +|   0|  0|   64|          64|          64|
    |add_ln37_3_fu_1102_p2      |         +|   0|  0|   64|          64|          64|
    |add_ln37_fu_1056_p2        |         +|   0|  0|   64|          64|          64|
    |add_ln396_fu_463_p2        |         +|   0|  0|   18|          11|          11|
    |add_ln432_fu_1212_p2       |         +|   0|  0|   19|          12|          10|
    |add_ln454_fu_813_p2        |         +|   0|  0|   18|          11|          11|
    |Ex_1_fu_863_p2             |         -|   0|  0|   18|          11|          11|
    |Mx_bits_1_fu_560_p2        |         -|   0|  0|  131|           1|         124|
    |newexp_fu_1222_p2          |         -|   0|  0|   39|          32|          32|
    |sub_ln506_fu_877_p2        |         -|   0|  0|   18|           1|          11|
    |and_ln271_fu_784_p2        |       and|   0|  0|    2|           1|           1|
    |results_sign_1_fu_800_p2   |       and|   0|  0|    2|           1|           1|
    |closepath_fu_457_p2        |      icmp|   0|  0|   18|          11|          10|
    |icmp_ln271_1_fu_525_p2     |      icmp|   0|  0|   59|          52|           1|
    |icmp_ln271_fu_779_p2       |      icmp|   0|  0|   18|          11|           1|
    |icmp_ln282_fu_789_p2       |      icmp|   0|  0|   18|          11|           2|
    |icmp_ln433_fu_1191_p2      |      icmp|   0|  0|   70|          63|           1|
    |lshr_ln506_fu_892_p2       |      lshr|   0|  0|  179|          63|          63|
    |or_ln282_fu_1262_p2        |        or|   0|  0|    2|           1|           1|
    |or_ln433_fu_1236_p2        |        or|   0|  0|    2|           1|           1|
    |Ex_3_fu_1196_p3            |    select|   0|  0|   11|           1|           1|
    |Ex_fu_818_p3               |    select|   0|  0|   11|           1|          11|
    |Mx_2_fu_1112_p3            |    select|   0|  0|   63|           1|           2|
    |Mx_bits_3_fu_565_p3        |    select|   0|  0|  124|           1|         124|
    |addr_fu_469_p3             |    select|   0|  0|   11|           1|           7|
    |k_fu_550_p3                |    select|   0|  0|    3|           1|           1|
    |results_exp_1_fu_1290_p3   |    select|   0|  0|   11|           1|           1|
    |results_exp_fu_1267_p3     |    select|   0|  0|   11|           1|          11|
    |results_sig_1_fu_1297_p3   |    select|   0|  0|   52|           1|           1|
    |results_sig_fu_1282_p3     |    select|   0|  0|   52|           1|          52|
    |results_sign_2_fu_806_p3   |    select|   0|  0|    2|           1|           1|
    |results_sign_fu_771_p3     |    select|   0|  0|    2|           1|           1|
    |select_ln282_2_fu_1275_p3  |    select|   0|  0|    2|           1|           2|
    |select_ln282_fu_1255_p3    |    select|   0|  0|    2|           1|           2|
    |select_ln506_fu_883_p3     |    select|   0|  0|   11|           1|          11|
    |x_1_fu_902_p3              |    select|   0|  0|   63|           1|          63|
    |shl_ln398_fu_499_p2        |       shl|   0|  0|  950|         256|         256|
    |shl_ln504_fu_848_p2        |       shl|   0|  0|  409|         124|         124|
    |shl_ln506_fu_897_p2        |       shl|   0|  0|  179|          63|          63|
    |sin_basis_fu_936_p2        |       xor|   0|  0|    2|           1|           2|
    |xor_ln282_fu_794_p2        |       xor|   0|  0|    2|           1|           2|
    +---------------------------+----------+----+---+-----+------------+------------+
    |Total                      |          |   0|  0| 2860|        1011|        1286|
    +---------------------------+----------+----+---+-----+------------+------------+

    * Multiplexer: 
    +---------------+-----+-----------+-----+-----------+
    |      Name     | LUT | Input Size| Bits| Total Bits|
    +---------------+-----+-----------+-----+-----------+
    |ap_NS_fsm      |  148|         32|    1|         32|
    |grp_fu_413_p0  |   13|          3|   49|        147|
    |grp_fu_413_p1  |   13|          3|   49|        147|
    +---------------+-----+-----------+-----+-----------+
    |Total          |  174|         38|   99|        326|
    +---------------+-----+-----------+-----+-----------+

    * Register: 
    +------------------------------------------------------+-----+----+-----+-----------+
    |                         Name                         |  FF | LUT| Bits| Const Bits|
    +------------------------------------------------------+-----+----+-----+-----------+
    |B_reg_1514                                            |   56|   0|   56|          0|
    |B_squared_reg_1547                                    |   49|   0|   49|          0|
    |B_trunc_reg_1519                                      |   49|   0|   49|          0|
    |Ex_1_reg_1492                                         |   11|   0|   11|          0|
    |Mx_bits_3_reg_1450                                    |  124|   0|  124|          0|
    |Mx_bits_reg_1439                                      |  124|   0|  124|          0|
    |Mx_reg_1485                                           |   63|   0|   63|          0|
    |add_ln37_1_reg_1660                                   |   64|   0|   64|          0|
    |add_ln37_3_reg_1675                                   |   64|   0|   64|          0|
    |and_ln271_reg_1467                                    |    1|   0|    1|          0|
    |ap_CS_fsm                                             |   31|   0|   31|          0|
    |closepath_reg_1408                                    |    1|   0|    1|          0|
    |cos_basis_reg_1460                                    |    1|   0|    1|          0|
    |din_exp_reg_1395                                      |   11|   0|   11|          0|
    |din_sig_reg_1402                                      |   52|   0|   52|          0|
    |din_sign_reg_1389                                     |    1|   0|    1|          0|
    |fourth_order_double_sin_cos_K0_load_reg_1605          |   59|   0|   59|          0|
    |fourth_order_double_sin_cos_K1_load_reg_1553          |   52|   0|   52|          0|
    |fourth_order_double_sin_cos_K2_load_reg_1558          |   44|   0|   44|          0|
    |fourth_order_double_sin_cos_K3_load_reg_1625          |   33|   0|   33|          0|
    |fourth_order_double_sin_cos_K4_load_reg_1635          |   25|   0|   25|          0|
    |grp_sin_or_cos_double_Pipeline_1_fu_360_ap_start_reg  |    1|   0|    1|          0|
    |grp_sin_or_cos_double_Pipeline_2_fu_367_ap_start_reg  |    1|   0|    1|          0|
    |grp_sin_or_cos_double_Pipeline_3_fu_378_ap_start_reg  |    1|   0|    1|          0|
    |grp_sin_or_cos_double_Pipeline_4_fu_390_ap_start_reg  |    1|   0|    1|          0|
    |icmp_ln271_1_reg_1434                                 |    1|   0|    1|          0|
    |icmp_ln282_reg_1473                                   |    1|   0|    1|          0|
    |icmp_ln433_reg_1737                                   |    1|   0|    1|          0|
    |in_shift_loc_fu_228                                   |   62|   0|   62|          0|
    |lshr_ln_reg_1665                                      |   29|   0|   29|          0|
    |out_bits_3_loc_fu_264                                 |   32|   0|   32|          0|
    |out_bits_4_loc_fu_268                                 |   32|   0|   32|          0|
    |out_bits_5_loc_fu_272                                 |   32|   0|   32|          0|
    |out_bits_6_reg_1720                                   |   15|   0|   32|         17|
    |result_reg_1690                                       |   63|   0|   63|          0|
    |results_sign_2_reg_1480                               |    1|   0|    1|          0|
    |ret_1_reg_1424                                        |  170|   0|  170|          0|
    |sub_ln506_reg_1504                                    |   11|   0|   11|          0|
    |tmp_1_reg_1509                                        |    7|   0|    7|          0|
    |tmp_3_reg_1620                                        |   42|   0|   42|          0|
    |tmp_4_reg_1630                                        |   35|   0|   35|          0|
    |tmp_5_reg_1697                                        |   15|   0|   15|          0|
    |tmp_6_reg_1670                                        |   37|   0|   37|          0|
    |tmp_8_reg_1455                                        |   61|   0|   61|          0|
    |tmp_reg_1498                                          |    1|   0|    1|          0|
    |trunc_ln2_reg_1610                                    |   56|   0|   56|          0|
    |trunc_ln398_reg_1419                                  |    7|   0|    7|          0|
    |trunc_ln3_reg_1615                                    |   48|   0|   48|          0|
    |trunc_ln_reg_1445                                     |    3|   0|    3|          0|
    |zext_ln25_reg_1524                                    |   49|   0|   98|         49|
    |zext_ln32_reg_1530                                    |    8|   0|   64|         56|
    +------------------------------------------------------+-----+----+-----+-----------+
    |Total                                                 | 1738|   0| 1860|        122|
    +------------------------------------------------------+-----+----+-----+-----------+



================================================================
== Interface
================================================================
* Summary: 
+-----------+-----+-----+------------+--------------------+--------------+
| RTL Ports | Dir | Bits|  Protocol  |    Source Object   |    C Type    |
+-----------+-----+-----+------------+--------------------+--------------+
|ap_clk     |   in|    1|  ap_ctrl_hs|  sin_or_cos<double>|  return value|
|ap_rst     |   in|    1|  ap_ctrl_hs|  sin_or_cos<double>|  return value|
|ap_start   |   in|    1|  ap_ctrl_hs|  sin_or_cos<double>|  return value|
|ap_done    |  out|    1|  ap_ctrl_hs|  sin_or_cos<double>|  return value|
|ap_idle    |  out|    1|  ap_ctrl_hs|  sin_or_cos<double>|  return value|
|ap_ready   |  out|    1|  ap_ctrl_hs|  sin_or_cos<double>|  return value|
|ap_return  |  out|   64|  ap_ctrl_hs|  sin_or_cos<double>|  return value|
|t_in       |   in|   64|     ap_none|                t_in|        scalar|
+-----------+-----+-----+------------+--------------------+--------------+

