================================================================
== Design Size Report
================================================================

* Total Instructions per Compilation Phase
+---------------+-----------------------------+--------------+----------------------------------------------------------------------------------------+
| Phase         | Step                        | Instructions | Description                                                                            |
+---------------+-----------------------------+--------------+----------------------------------------------------------------------------------------+
| Compile/Link  |                             | 3,697        | After all functions are compiled and linked into a single design                       |
|               |                             |              |                                                                                        |
| Unroll/Inline |                             |              | After user unroll and inline pragmas are applied                                       |
|               | (1) unroll                  |   281        | user unroll pragmas are applied                                                        |
|               | (2) simplification          |   248        | simplification of applied user unroll pragmas                                          |
|               | (3) inline                  |   250        | user inline pragmas are applied                                                        |
|               | (4) simplification          |    86        | simplification of applied user inline pragmas                                          |
|               |                             |              |                                                                                        |
| Array/Struct  |                             |              | After user array partition and struct aggregate/disaggregate pragmas are applied       |
|               | (1) array partition         |    86        | user array partition pragmas are applied                                               |
|               | (2) simplification          |    86        | simplification of applied user array partition & struct aggregate/disaggregate pragmas |
|               | (3) aggregate/disaggregate  |    86        | user struct aggregate/disaggregate pragmas are applied                                 |
|               | (4) array reshape           |    86        | apply array reshape pragmas                                                            |
|               | (5) access patterns         |    86        | array access pattern optmizations                                                      |
|               |                             |              |                                                                                        |
| Performance   |                             |              | After transformations are applied to meet performance pragma targets                   |
|               | (1) loop simplification     |    86        | loop and instruction simplification                                                    |
|               | (2) parallelization         |    86        | loops are unrolled or pipelined to meet performance targets                            |
|               | (3) array partition         |    86        | arrays are partitioned to meet performance targets                                     |
|               | (4) simplification          |    86        | simplification of design after performance transformations                             |
|               |                             |              |                                                                                        |
| HW Transforms |                             |              | After hardware transfomations                                                          |
|               | (1) lowering                |    91        | initial conversion to HW specific instructions                                         |
|               | (2) optimizations           |    92        | high level synthesis optimizations                                                     |
+---------------+-----------------------------+--------------+----------------------------------------------------------------------------------------+

* Instructions per Function for each Compilation Phase
+--------------------------------+------------------------+----------------+---------------+--------------+-------------+---------------+
| Function                       | Location               | Compile/Link   | Unroll/Inline | Array/Struct | Performance | HW Transforms |
+--------------------------------+------------------------+----------------+---------------+--------------+-------------+---------------+
| + trig_approx                  | taylor_sin_SIMD.cpp:45 | 3,697          | 86            | 86           | 86          | 92            |
|  + reduce_angle_sin            | taylor_sin_SIMD.cpp:14 | 3,666          |               |              |             |               |
|   + floor                      | floordouble.cpp:6      | 2,677          |               |              |             |               |
|    + generic_floor<double>     | hls_floor.h:13         | 2,675          |               |              |             |               |
|       init_mask_table<double>  | hls_round.h:20         |   19           |               |              |             |               |
|       fp_struct                | x_hls_utils.h:456      |  319           |               |              |             |               |
|       __signbit                | x_hls_utils.h:512      |   18 (2 calls) |               |              |             |               |
|     + generic_copysign<double> | hls_copysign.h:10      |  959           |               |              |             |               |
|        fp_struct               | x_hls_utils.h:456      |  638 (2 calls) |               |              |             |               |
|      + to_ieee                 | x_hls_utils.h:509      |  303           |               |              |             |               |
|       + to_double              | x_hls_utils.h:494      |  301           |               |              |             |               |
|          data                  | x_hls_utils.h:475      |  279           |               |              |             |               |
|       data                     | x_hls_utils.h:475      |  279           |               |              |             |               |
|       fp_struct                | x_hls_utils.h:464      |  289           |               |              |             |               |
|     + to_ieee                  | x_hls_utils.h:509      |  303           |               |              |             |               |
|      + to_double               | x_hls_utils.h:494      |  301           |               |              |             |               |
|         data                   | x_hls_utils.h:475      |  279           |               |              |             |               |
|   + fabs                       | fabsdouble.cpp:7       |  963           |               |              |             |               |
|    + generic_fabs<double>      | hls_fabs.h:12          |  961           |               |              |             |               |
|     + generic_copysign<double> | hls_copysign.h:10      |  959           |               |              |             |               |
|        fp_struct               | x_hls_utils.h:456      |  638 (2 calls) |               |              |             |               |
|      + to_ieee                 | x_hls_utils.h:509      |  303           |               |              |             |               |
|       + to_double              | x_hls_utils.h:494      |  301           |               |              |             |               |
|          data                  | x_hls_utils.h:475      |  279           |               |              |             |               |
|    taylor_sin_5terms           | taylor_sin_SIMD.cpp:35 |   14           |               |              |             |               |
|    generic_floor<double>       | hls_floor.h:13         |                | 45            | 45           | 45          | 45            |
+--------------------------------+------------------------+----------------+---------------+--------------+-------------+---------------+

* Design Size Message Settings
+---------------------------------------------+--------+------------------------------------------------------------------+
| Message Setting                             | Value  | Description                                                      |
+---------------------------------------------+--------+------------------------------------------------------------------+
| config_compile -design_size_maximum_warning | 100000 | Show a warning when total design instructions exceeds this value |
+---------------------------------------------+--------+------------------------------------------------------------------+


